Build started 2019/10/25 上午 09:26:22.
Project "C:\Users\Roxas\Desktop\PSO\20190926_newPso\newPso\newPso.vcxproj" on node 2 (build target(s)).
Project file contains ToolsVersion="15.0". This toolset may be unknown or missing, in which case you may be able to resolve this by installing the appropriate version of MSBuild, or the build may have been forced to a particular ToolsVersion for policy reasons. Treating the project as if it had ToolsVersion="4.0". For more information, please see http://go.microsoft.com/fwlink/?LinkId=291333.
InitializeBuildStatus:
  Creating "Debug\newPso.unsuccessfulbuild" because "AlwaysCreate" was specified.
ClCompile:
  C:\Program Files\Microsoft Visual Studio 10.0\VC\bin\CL.exe /c /ZI /nologo /W3 /WX- /Od /Oy- /D _MBCS /Gm /EHsc /RTC1 /MDd /GS /fp:precise /Zc:wchar_t /Zc:forScope /Fo"Debug\\" /Fd"Debug\vc100.pdb" /Gd /TP /analyze- /errorReport:prompt PSO.cpp
  PSO.cpp
Link:
  C:\Program Files\Microsoft Visual Studio 10.0\VC\bin\link.exe /ERRORREPORT:PROMPT /OUT:"C:\Users\Roxas\Desktop\PSO\20190926_newPso\Debug\newPso.exe" /NOLOGO kernel32.lib user32.lib gdi32.lib winspool.lib comdlg32.lib advapi32.lib shell32.lib ole32.lib oleaut32.lib uuid.lib odbc32.lib odbccp32.lib /MANIFEST /ManifestFile:"Debug\newPso.exe.intermediate.manifest" /MANIFESTUAC:"level='asInvoker' uiAccess='false'" /PDB:"C:\Users\Roxas\Desktop\PSO\20190926_newPso\Debug\newPso.pdb" /TLBID:1 /DYNAMICBASE /NXCOMPAT /IMPLIB:"C:\Users\Roxas\Desktop\PSO\20190926_newPso\Debug\newPso.lib" /MACHINE:X86 Debug\PSO.obj
  Debug\PSOAlgorithm.obj
PSO.obj : warning LNK4075: ignoring '/EDITANDCONTINUE' due to '/OPT:ICF' specification
  newPso.vcxproj -> C:\Users\Roxas\Desktop\PSO\20190926_newPso\Debug\newPso.exe
Manifest:
  c:\Program Files\Microsoft SDKs\Windows\v7.0A\bin\mt.exe /nologo /verbose /outputresource:"C:\Users\Roxas\Desktop\PSO\20190926_newPso\Debug\newPso.exe;#1" /manifest Debug\newPso.exe.intermediate.manifest
FinalizeBuildStatus:
  Deleting file "Debug\newPso.unsuccessfulbuild".
  Touching "Debug\newPso.lastbuildstate".
Done Building Project "C:\Users\Roxas\Desktop\PSO\20190926_newPso\newPso\newPso.vcxproj" (build target(s)).

Build succeeded.

Time Elapsed 00:00:01.57
